# JRE version: Java(TM) SE Runtime Environment (21.0.8+12) (build 21.0.8+12-LTS-250)
# Java VM: Java HotSpot(TM) 64-Bit Server VM (21.0.8+12-LTS-250, mixed mode, emulated-client, sharing, tiered, compressed oops, compressed class ptrs, g1 gc, windows-amd64)
GC Precious Log:
 CardTable entry size: 512
 Card Set container configuration: InlinePtr #cards 4 size 8 Array Of Cards #cards 16 size 48 Howl #buckets 8 coarsen threshold 3686 Howl Bitmap #cards 512 size 80 coarsen threshold 460 Card regions per heap region 1 cards per card region 4096
 CPUs: 8 total, 8 available
 Memory: 16078M
 Large Page Support: Disabled
 NUMA Support: Disabled
 Compressed Oops: Enabled (Zero based)
 Heap Region Size: 2M
 Heap Min Capacity: 8M
 Heap Initial Capacity: 252M
 Heap Max Capacity: 4020M
 Pre-touch: Disabled
 Parallel Workers: 8
 Concurrent Workers: 2
 Concurrent Refinement Workers: 8
 Periodic GC: Disabled
Heap:
 garbage-first heap   total 100352K, used 32963K [0x0000000704c00000, 0x0000000800000000)
  region size 2048K, 5 young (10240K), 3 survivors (6144K)
 Metaspace       used 48209K, committed 49408K, reserved 1114112K
  class space    used 6601K, committed 7104K, reserved 1048576K
GC Heap History (20 events):
Event: 2.760 GC heap after
{Heap after GC invocations=8 (full 0):
 garbage-first heap   total 100352K, used 31705K [0x0000000704c00000, 0x0000000800000000)
  region size 2048K, 4 young (8192K), 4 survivors (8192K)
 Metaspace       used 35337K, committed 35968K, reserved 1114112K
  class space    used 4766K, committed 5056K, reserved 1048576K
}
Event: 3.519 GC heap before
{Heap before GC invocations=9 (full 0):
 garbage-first heap   total 100352K, used 76761K [0x0000000704c00000, 0x0000000800000000)
  region size 2048K, 27 young (55296K), 4 survivors (8192K)
 Metaspace       used 43577K, committed 44288K, reserved 1114112K
  class space    used 6026K, committed 6336K, reserved 1048576K
}
Event: 3.525 GC heap after
{Heap after GC invocations=10 (full 0):
 garbage-first heap   total 100352K, used 37251K [0x0000000704c00000, 0x0000000800000000)
  region size 2048K, 3 young (6144K), 3 survivors (6144K)
 Metaspace       used 43577K, committed 44288K, reserved 1114112K
  class space    used 6026K, committed 6336K, reserved 1048576K
}
Event: 129.282 GC heap before
{Heap before GC invocations=10 (full 0):
 garbage-first heap   total 100352K, used 57731K [0x0000000704c00000, 0x0000000800000000)
  region size 2048K, 15 young (30720K), 3 survivors (6144K)
 Metaspace       used 48022K, committed 48832K, reserved 1114112K
  class space    used 6642K, committed 6976K, reserved 1048576K
}
Event: 129.313 GC heap after
{Heap after GC invocations=11 (full 1):
 garbage-first heap   total 100352K, used 29567K [0x0000000704c00000, 0x0000000800000000)
  region size 2048K, 0 young (0K), 0 survivors (0K)
 Metaspace       used 48022K, committed 48832K, reserved 1114112K
  class space    used 6642K, committed 6976K, reserved 1048576K
}
Event: 141.336 GC heap before
{Heap before GC invocations=11 (full 1):
 garbage-first heap   total 100352K, used 74623K [0x0000000704c00000, 0x0000000800000000)
  region size 2048K, 23 young (47104K), 0 survivors (0K)
 Metaspace       used 48242K, committed 49088K, reserved 1114112K
  class space    used 6679K, committed 7040K, reserved 1048576K
}
Event: 141.339 GC heap after
{Heap after GC invocations=12 (full 1):
 garbage-first heap   total 100352K, used 32864K [0x0000000704c00000, 0x0000000800000000)
  region size 2048K, 2 young (4096K), 2 survivors (4096K)
 Metaspace       used 48242K, committed 49088K, reserved 1114112K
  class space    used 6679K, committed 7040K, reserved 1048576K
}
Event: 160.309 GC heap before
{Heap before GC invocations=12 (full 1):
 garbage-first heap   total 100352K, used 75872K [0x0000000704c00000, 0x0000000800000000)
  region size 2048K, 24 young (49152K), 2 survivors (4096K)
 Metaspace       used 48267K, committed 49088K, reserved 1114112K
  class space    used 6681K, committed 7040K, reserved 1048576K
}
Event: 160.312 GC heap after
{Heap after GC invocations=13 (full 1):
 garbage-first heap   total 100352K, used 33180K [0x0000000704c00000, 0x0000000800000000)
  region size 2048K, 2 young (4096K), 2 survivors (4096K)
 Metaspace       used 48267K, committed 49088K, reserved 1114112K
  class space    used 6681K, committed 7040K, reserved 1048576K
}
Event: 192.842 GC heap before
{Heap before GC invocations=13 (full 1):
 garbage-first heap   total 100352K, used 78236K [0x0000000704c00000, 0x0000000800000000)
  region size 2048K, 25 young (51200K), 2 survivors (4096K)
 Metaspace       used 48295K, committed 49152K, reserved 1114112K
  class space    used 6686K, committed 7040K, reserved 1048576K
}
Event: 192.848 GC heap after
{Heap after GC invocations=14 (full 1):
 garbage-first heap   total 100352K, used 33457K [0x0000000704c00000, 0x0000000800000000)
  region size 2048K, 2 young (4096K), 2 survivors (4096K)
 Metaspace       used 48295K, committed 49152K, reserved 1114112K
  class space    used 6686K, committed 7040K, reserved 1048576K
}
Event: 228.601 GC heap before
{Heap before GC invocations=14 (full 1):
 garbage-first heap   total 100352K, used 80561K [0x0000000704c00000, 0x0000000800000000)
  region size 2048K, 26 young (53248K), 2 survivors (4096K)
 Metaspace       used 48322K, committed 49152K, reserved 1114112K
  class space    used 6689K, committed 7040K, reserved 1048576K
}
Event: 228.604 GC heap after
{Heap after GC invocations=15 (full 1):
 garbage-first heap   total 100352K, used 34007K [0x0000000704c00000, 0x0000000800000000)
  region size 2048K, 3 young (6144K), 3 survivors (6144K)
 Metaspace       used 48322K, committed 49152K, reserved 1114112K
  class space    used 6689K, committed 7040K, reserved 1048576K
}
Event: 229.220 GC heap before
{Heap before GC invocations=15 (full 1):
 garbage-first heap   total 100352K, used 81111K [0x0000000704c00000, 0x0000000800000000)
  region size 2048K, 26 young (53248K), 3 survivors (6144K)
 Metaspace       used 48463K, committed 49344K, reserved 1114112K
  class space    used 6699K, committed 7104K, reserved 1048576K
}
Event: 229.224 GC heap after
{Heap after GC invocations=16 (full 1):
 garbage-first heap   total 100352K, used 35579K [0x0000000704c00000, 0x0000000800000000)
  region size 2048K, 3 young (6144K), 3 survivors (6144K)
 Metaspace       used 48463K, committed 49344K, reserved 1114112K
  class space    used 6699K, committed 7104K, reserved 1048576K
}
Event: 231.546 GC heap before
{Heap before GC invocations=16 (full 1):
 garbage-first heap   total 100352K, used 39675K [0x0000000704c00000, 0x0000000800000000)
  region size 2048K, 6 young (12288K), 3 survivors (6144K)
 Metaspace       used 48472K, committed 49408K, reserved 1114112K
  class space    used 6701K, committed 7104K, reserved 1048576K
}
Event: 231.581 GC heap after
{Heap after GC invocations=17 (full 2):
 garbage-first heap   total 100352K, used 26563K [0x0000000704c00000, 0x0000000800000000)
  region size 2048K, 0 young (0K), 0 survivors (0K)
 Metaspace       used 48064K, committed 49408K, reserved 1114112K
  class space    used 6592K, committed 7104K, reserved 1048576K
}
Event: 232.235 GC heap before
{Heap before GC invocations=17 (full 2):
 garbage-first heap   total 100352K, used 83907K [0x0000000704c00000, 0x0000000800000000)
  region size 2048K, 29 young (59392K), 0 survivors (0K)
 Metaspace       used 48207K, committed 49408K, reserved 1114112K
  class space    used 6601K, committed 7104K, reserved 1048576K
}
Event: 232.238 GC heap after
{Heap after GC invocations=18 (full 2):
 garbage-first heap   total 100352K, used 30915K [0x0000000704c00000, 0x0000000800000000)
  region size 2048K, 3 young (6144K), 3 survivors (6144K)
 Metaspace       used 48207K, committed 49408K, reserved 1114112K
  class space    used 6601K, committed 7104K, reserved 1048576K
}
Event: 248.784 GC heap before
{Heap before GC invocations=18 (full 2):
 garbage-first heap   total 100352K, used 32963K [0x0000000704c00000, 0x0000000800000000)
  region size 2048K, 5 young (10240K), 3 survivors (6144K)
 Metaspace       used 48209K, committed 49408K, reserved 1114112K
  class space    used 6601K, committed 7104K, reserved 1048576K
}

