# JRE version: OpenJDK Runtime Environment Temurin-21.0.9+10 (21.0.9+10) (build 21.0.9+10-LTS)
# Java VM: OpenJDK 64-Bit Server VM Temurin-21.0.9+10 (21.0.9+10-LTS, mixed mode, sharing, tiered, compressed oops, compressed class ptrs, parallel gc, windows-amd64)
GC Precious Log:
 CardTable entry size: 512
 CPUs: 8 total, 8 available
 Memory: 16078M
 Large Page Support: Disabled
 NUMA Support: Disabled
 Compressed Oops: Enabled (32-bit)
 Alignments: Space 512K, Generation 512K, Heap 2M
 Heap Min Capacity: 100M
 Heap Initial Capacity: 100M
 Heap Max Capacity: 2G
 Pre-touch: Disabled
 Parallel Workers: 8
Heap:
 PSYoungGen      total 10240K, used 894K [0x00000000d5580000, 0x00000000d6400000, 0x0000000100000000)
  eden space 7680K, 6% used [0x00000000d5580000,0x00000000d55f7918,0x00000000d5d00000)
  from space 2560K, 16% used [0x00000000d5f00000,0x00000000d5f68040,0x00000000d6180000)
  to   space 1024K, 0% used [0x00000000d6300000,0x00000000d6300000,0x00000000d6400000)
 ParOldGen       total 673280K, used 673105K [0x0000000080000000, 0x00000000a9180000, 0x00000000d5580000)
  object space 673280K, 99% used [0x0000000080000000,0x00000000a91547f8,0x00000000a9180000)
 Metaspace       used 72148K, committed 73792K, reserved 1179648K
  class space    used 7507K, committed 8256K, reserved 1048576K
GC Heap History (20 events):
Event: 119.126 GC heap before
{Heap before GC invocations=739 (full 3):
 PSYoungGen      total 6656K, used 6340K [0x00000000d5580000, 0x00000000d6000000, 0x0000000100000000)
  eden space 6144K, 99% used [0x00000000d5580000,0x00000000d5b79368,0x00000000d5b80000)
  from space 512K, 43% used [0x00000000d5b80000,0x00000000d5bb8000,0x00000000d5c00000)
  to   space 1536K, 0% used [0x00000000d5e80000,0x00000000d5e80000,0x00000000d6000000)
 ParOldGen       total 658432K, used 658161K [0x0000000080000000, 0x00000000a8300000, 0x00000000d5580000)
  object space 658432K, 99% used [0x0000000080000000,0x00000000a82bc6e8,0x00000000a8300000)
 Metaspace       used 71719K, committed 73344K, reserved 1179648K
  class space    used 7470K, committed 8192K, reserved 1048576K
}
Event: 119.128 GC heap after
{Heap after GC invocations=739 (full 3):
 PSYoungGen      total 7168K, used 885K [0x00000000d5580000, 0x00000000d5f80000, 0x0000000100000000)
  eden space 6144K, 0% used [0x00000000d5580000,0x00000000d5580000,0x00000000d5b80000)
  from space 1024K, 86% used [0x00000000d5e80000,0x00000000d5f5d5b8,0x00000000d5f80000)
  to   space 1536K, 0% used [0x00000000d5c80000,0x00000000d5c80000,0x00000000d5e00000)
 ParOldGen       total 658432K, used 658209K [0x0000000080000000, 0x00000000a8300000, 0x00000000d5580000)
  object space 658432K, 99% used [0x0000000080000000,0x00000000a82c86e8,0x00000000a8300000)
 Metaspace       used 71719K, committed 73344K, reserved 1179648K
  class space    used 7470K, committed 8192K, reserved 1048576K
}
Event: 119.144 GC heap before
{Heap before GC invocations=740 (full 3):
 PSYoungGen      total 7168K, used 7029K [0x00000000d5580000, 0x00000000d5f80000, 0x0000000100000000)
  eden space 6144K, 100% used [0x00000000d5580000,0x00000000d5b80000,0x00000000d5b80000)
  from space 1024K, 86% used [0x00000000d5e80000,0x00000000d5f5d5b8,0x00000000d5f80000)
  to   space 1536K, 0% used [0x00000000d5c80000,0x00000000d5c80000,0x00000000d5e00000)
 ParOldGen       total 658432K, used 658209K [0x0000000080000000, 0x00000000a8300000, 0x00000000d5580000)
  object space 658432K, 99% used [0x0000000080000000,0x00000000a82c86e8,0x00000000a8300000)
 Metaspace       used 71720K, committed 73344K, reserved 1179648K
  class space    used 7470K, committed 8192K, reserved 1048576K
}
Event: 119.150 GC heap after
{Heap after GC invocations=740 (full 3):
 PSYoungGen      total 7680K, used 1510K [0x00000000d5580000, 0x00000000d6b80000, 0x0000000100000000)
  eden space 6144K, 0% used [0x00000000d5580000,0x00000000d5580000,0x00000000d5b80000)
  from space 1536K, 98% used [0x00000000d5c80000,0x00000000d5df9808,0x00000000d5e00000)
  to   space 8192K, 0% used [0x00000000d6380000,0x00000000d6380000,0x00000000d6b80000)
 ParOldGen       total 663552K, used 663372K [0x0000000080000000, 0x00000000a8800000, 0x00000000d5580000)
  object space 663552K, 99% used [0x0000000080000000,0x00000000a87d3120,0x00000000a8800000)
 Metaspace       used 71720K, committed 73344K, reserved 1179648K
  class space    used 7470K, committed 8192K, reserved 1048576K
}
Event: 119.174 GC heap before
{Heap before GC invocations=741 (full 3):
 PSYoungGen      total 7680K, used 7654K [0x00000000d5580000, 0x00000000d6b80000, 0x0000000100000000)
  eden space 6144K, 100% used [0x00000000d5580000,0x00000000d5b80000,0x00000000d5b80000)
  from space 1536K, 98% used [0x00000000d5c80000,0x00000000d5df9808,0x00000000d5e00000)
  to   space 8192K, 0% used [0x00000000d6380000,0x00000000d6380000,0x00000000d6b80000)
 ParOldGen       total 663552K, used 663372K [0x0000000080000000, 0x00000000a8800000, 0x00000000d5580000)
  object space 663552K, 99% used [0x0000000080000000,0x00000000a87d3120,0x00000000a8800000)
 Metaspace       used 71753K, committed 73408K, reserved 1179648K
  class space    used 7470K, committed 8192K, reserved 1048576K
}
Event: 119.179 GC heap after
{Heap after GC invocations=741 (full 3):
 PSYoungGen      total 11264K, used 5071K [0x00000000d5580000, 0x00000000d6880000, 0x0000000100000000)
  eden space 6144K, 0% used [0x00000000d5580000,0x00000000d5580000,0x00000000d5b80000)
  from space 5120K, 99% used [0x00000000d6380000,0x00000000d6873db0,0x00000000d6880000)
  to   space 5632K, 0% used [0x00000000d5d80000,0x00000000d5d80000,0x00000000d6300000)
 ParOldGen       total 665088K, used 664914K [0x0000000080000000, 0x00000000a8980000, 0x00000000d5580000)
  object space 665088K, 99% used [0x0000000080000000,0x00000000a8954928,0x00000000a8980000)
 Metaspace       used 71753K, committed 73408K, reserved 1179648K
  class space    used 7470K, committed 8192K, reserved 1048576K
}
Event: 119.226 GC heap before
{Heap before GC invocations=742 (full 3):
 PSYoungGen      total 11264K, used 11215K [0x00000000d5580000, 0x00000000d6880000, 0x0000000100000000)
  eden space 6144K, 100% used [0x00000000d5580000,0x00000000d5b80000,0x00000000d5b80000)
  from space 5120K, 99% used [0x00000000d6380000,0x00000000d6873db0,0x00000000d6880000)
  to   space 5632K, 0% used [0x00000000d5d80000,0x00000000d5d80000,0x00000000d6300000)
 ParOldGen       total 665088K, used 664914K [0x0000000080000000, 0x00000000a8980000, 0x00000000d5580000)
  object space 665088K, 99% used [0x0000000080000000,0x00000000a8954928,0x00000000a8980000)
 Metaspace       used 71765K, committed 73408K, reserved 1179648K
  class space    used 7470K, committed 8192K, reserved 1048576K
}
Event: 119.231 GC heap after
{Heap after GC invocations=742 (full 3):
 PSYoungGen      total 10752K, used 4143K [0x00000000d5580000, 0x00000000d6480000, 0x0000000100000000)
  eden space 6144K, 0% used [0x00000000d5580000,0x00000000d5580000,0x00000000d5b80000)
  from space 4608K, 89% used [0x00000000d5d80000,0x00000000d618bdb0,0x00000000d6200000)
  to   space 2560K, 0% used [0x00000000d6200000,0x00000000d6200000,0x00000000d6480000)
 ParOldGen       total 666112K, used 665898K [0x0000000080000000, 0x00000000a8a80000, 0x00000000d5580000)
  object space 666112K, 99% used [0x0000000080000000,0x00000000a8a4a928,0x00000000a8a80000)
 Metaspace       used 71765K, committed 73408K, reserved 1179648K
  class space    used 7470K, committed 8192K, reserved 1048576K
}
Event: 121.749 GC heap before
{Heap before GC invocations=743 (full 3):
 PSYoungGen      total 10752K, used 10287K [0x00000000d5580000, 0x00000000d6480000, 0x0000000100000000)
  eden space 6144K, 100% used [0x00000000d5580000,0x00000000d5b80000,0x00000000d5b80000)
  from space 4608K, 89% used [0x00000000d5d80000,0x00000000d618bdb0,0x00000000d6200000)
  to   space 2560K, 0% used [0x00000000d6200000,0x00000000d6200000,0x00000000d6480000)
 ParOldGen       total 666112K, used 665898K [0x0000000080000000, 0x00000000a8a80000, 0x00000000d5580000)
  object space 666112K, 99% used [0x0000000080000000,0x00000000a8a4a928,0x00000000a8a80000)
 Metaspace       used 71776K, committed 73408K, reserved 1179648K
  class space    used 7470K, committed 8192K, reserved 1048576K
}
Event: 121.751 GC heap after
{Heap after GC invocations=743 (full 3):
 PSYoungGen      total 6656K, used 448K [0x00000000d5580000, 0x00000000d6280000, 0x0000000100000000)
  eden space 6144K, 0% used [0x00000000d5580000,0x00000000d5580000,0x00000000d5b80000)
  from space 512K, 87% used [0x00000000d6200000,0x00000000d6270000,0x00000000d6280000)
  to   space 2048K, 0% used [0x00000000d5e80000,0x00000000d5e80000,0x00000000d6080000)
 ParOldGen       total 666112K, used 665922K [0x0000000080000000, 0x00000000a8a80000, 0x00000000d5580000)
  object space 666112K, 99% used [0x0000000080000000,0x00000000a8a50928,0x00000000a8a80000)
 Metaspace       used 71776K, committed 73408K, reserved 1179648K
  class space    used 7470K, committed 8192K, reserved 1048576K
}
Event: 121.755 GC heap before
{Heap before GC invocations=744 (full 3):
 PSYoungGen      total 6656K, used 6592K [0x00000000d5580000, 0x00000000d6280000, 0x0000000100000000)
  eden space 6144K, 100% used [0x00000000d5580000,0x00000000d5b80000,0x00000000d5b80000)
  from space 512K, 87% used [0x00000000d6200000,0x00000000d6270000,0x00000000d6280000)
  to   space 2048K, 0% used [0x00000000d5e80000,0x00000000d5e80000,0x00000000d6080000)
 ParOldGen       total 666112K, used 665922K [0x0000000080000000, 0x00000000a8a80000, 0x00000000d5580000)
  object space 666112K, 99% used [0x0000000080000000,0x00000000a8a50928,0x00000000a8a80000)
 Metaspace       used 71776K, committed 73408K, reserved 1179648K
  class space    used 7470K, committed 8192K, reserved 1048576K
}
Event: 121.758 GC heap after
{Heap after GC invocations=744 (full 3):
 PSYoungGen      total 8192K, used 2043K [0x00000000d5580000, 0x00000000d6a80000, 0x0000000100000000)
  eden space 6144K, 0% used [0x00000000d5580000,0x00000000d5580000,0x00000000d5b80000)
  from space 2048K, 99% used [0x00000000d5e80000,0x00000000d607edc0,0x00000000d6080000)
  to   space 7680K, 0% used [0x00000000d6300000,0x00000000d6300000,0x00000000d6a80000)
 ParOldGen       total 670208K, used 670040K [0x0000000080000000, 0x00000000a8e80000, 0x00000000d5580000)
  object space 670208K, 99% used [0x0000000080000000,0x00000000a8e56368,0x00000000a8e80000)
 Metaspace       used 71776K, committed 73408K, reserved 1179648K
  class space    used 7470K, committed 8192K, reserved 1048576K
}
Event: 121.772 GC heap before
{Heap before GC invocations=745 (full 3):
 PSYoungGen      total 8192K, used 8187K [0x00000000d5580000, 0x00000000d6a80000, 0x0000000100000000)
  eden space 6144K, 100% used [0x00000000d5580000,0x00000000d5b80000,0x00000000d5b80000)
  from space 2048K, 99% used [0x00000000d5e80000,0x00000000d607edc0,0x00000000d6080000)
  to   space 7680K, 0% used [0x00000000d6300000,0x00000000d6300000,0x00000000d6a80000)
 ParOldGen       total 670208K, used 670040K [0x0000000080000000, 0x00000000a8e80000, 0x00000000d5580000)
  object space 670208K, 99% used [0x0000000080000000,0x00000000a8e56368,0x00000000a8e80000)
 Metaspace       used 71777K, committed 73408K, reserved 1179648K
  class space    used 7470K, committed 8192K, reserved 1048576K
}
Event: 121.774 GC heap after
{Heap after GC invocations=745 (full 3):
 PSYoungGen      total 6656K, used 416K [0x00000000d5580000, 0x00000000d6380000, 0x0000000100000000)
  eden space 6144K, 0% used [0x00000000d5580000,0x00000000d5580000,0x00000000d5b80000)
  from space 512K, 81% used [0x00000000d6300000,0x00000000d6368000,0x00000000d6380000)
  to   space 2560K, 0% used [0x00000000d5e80000,0x00000000d5e80000,0x00000000d6100000)
 ParOldGen       total 670208K, used 670052K [0x0000000080000000, 0x00000000a8e80000, 0x00000000d5580000)
  object space 670208K, 99% used [0x0000000080000000,0x00000000a8e59378,0x00000000a8e80000)
 Metaspace       used 71777K, committed 73408K, reserved 1179648K
  class space    used 7470K, committed 8192K, reserved 1048576K
}
Event: 121.779 GC heap before
{Heap before GC invocations=746 (full 3):
 PSYoungGen      total 6656K, used 6560K [0x00000000d5580000, 0x00000000d6380000, 0x0000000100000000)
  eden space 6144K, 100% used [0x00000000d5580000,0x00000000d5b80000,0x00000000d5b80000)
  from space 512K, 81% used [0x00000000d6300000,0x00000000d6368000,0x00000000d6380000)
  to   space 2560K, 0% used [0x00000000d5e80000,0x00000000d5e80000,0x00000000d6100000)
 ParOldGen       total 670208K, used 670052K [0x0000000080000000, 0x00000000a8e80000, 0x00000000d5580000)
  object space 670208K, 99% used [0x0000000080000000,0x00000000a8e59378,0x00000000a8e80000)
 Metaspace       used 71777K, committed 73408K, reserved 1179648K
  class space    used 7470K, committed 8192K, reserved 1048576K
}
Event: 121.783 GC heap after
{Heap after GC invocations=746 (full 3):
 PSYoungGen      total 10240K, used 2555K [0x00000000d5580000, 0x00000000d6a00000, 0x0000000100000000)
  eden space 7680K, 0% used [0x00000000d5580000,0x00000000d5580000,0x00000000d5d00000)
  from space 2560K, 99% used [0x00000000d5e80000,0x00000000d60fedc0,0x00000000d6100000)
  to   space 6656K, 0% used [0x00000000d6380000,0x00000000d6380000,0x00000000d6a00000)
 ParOldGen       total 673280K, used 673049K [0x0000000080000000, 0x00000000a9180000, 0x00000000d5580000)
  object space 673280K, 99% used [0x0000000080000000,0x00000000a91467f8,0x00000000a9180000)
 Metaspace       used 71777K, committed 73408K, reserved 1179648K
  class space    used 7470K, committed 8192K, reserved 1048576K
}
Event: 194.683 GC heap before
{Heap before GC invocations=747 (full 3):
 PSYoungGen      total 10240K, used 10235K [0x00000000d5580000, 0x00000000d6a00000, 0x0000000100000000)
  eden space 7680K, 100% used [0x00000000d5580000,0x00000000d5d00000,0x00000000d5d00000)
  from space 2560K, 99% used [0x00000000d5e80000,0x00000000d60fedc0,0x00000000d6100000)
  to   space 6656K, 0% used [0x00000000d6380000,0x00000000d6380000,0x00000000d6a00000)
 ParOldGen       total 673280K, used 673049K [0x0000000080000000, 0x00000000a9180000, 0x00000000d5580000)
  object space 673280K, 99% used [0x0000000080000000,0x00000000a91467f8,0x00000000a9180000)
 Metaspace       used 71790K, committed 73472K, reserved 1179648K
  class space    used 7470K, committed 8192K, reserved 1048576K
}
Event: 194.684 GC heap after
{Heap after GC invocations=747 (full 3):
 PSYoungGen      total 8192K, used 256K [0x00000000d5580000, 0x00000000d6400000, 0x0000000100000000)
  eden space 7680K, 0% used [0x00000000d5580000,0x00000000d5580000,0x00000000d5d00000)
  from space 512K, 50% used [0x00000000d6380000,0x00000000d63c0000,0x00000000d6400000)
  to   space 2560K, 0% used [0x00000000d5f00000,0x00000000d5f00000,0x00000000d6180000)
 ParOldGen       total 673280K, used 673057K [0x0000000080000000, 0x00000000a9180000, 0x00000000d5580000)
  object space 673280K, 99% used [0x0000000080000000,0x00000000a91487f8,0x00000000a9180000)
 Metaspace       used 71790K, committed 73472K, reserved 1179648K
  class space    used 7470K, committed 8192K, reserved 1048576K
}
Event: 742.920 GC heap before
{Heap before GC invocations=748 (full 3):
 PSYoungGen      total 8192K, used 7935K [0x00000000d5580000, 0x00000000d6400000, 0x0000000100000000)
  eden space 7680K, 99% used [0x00000000d5580000,0x00000000d5cffff0,0x00000000d5d00000)
  from space 512K, 50% used [0x00000000d6380000,0x00000000d63c0000,0x00000000d6400000)
  to   space 2560K, 0% used [0x00000000d5f00000,0x00000000d5f00000,0x00000000d6180000)
 ParOldGen       total 673280K, used 673057K [0x0000000080000000, 0x00000000a9180000, 0x00000000d5580000)
  object space 673280K, 99% used [0x0000000080000000,0x00000000a91487f8,0x00000000a9180000)
 Metaspace       used 72142K, committed 73792K, reserved 1179648K
  class space    used 7507K, committed 8256K, reserved 1048576K
}
Event: 742.922 GC heap after
{Heap after GC invocations=748 (full 3):
 PSYoungGen      total 10240K, used 416K [0x00000000d5580000, 0x00000000d6400000, 0x0000000100000000)
  eden space 7680K, 0% used [0x00000000d5580000,0x00000000d5580000,0x00000000d5d00000)
  from space 2560K, 16% used [0x00000000d5f00000,0x00000000d5f68040,0x00000000d6180000)
  to   space 1024K, 0% used [0x00000000d6300000,0x00000000d6300000,0x00000000d6400000)
 ParOldGen       total 673280K, used 673105K [0x0000000080000000, 0x00000000a9180000, 0x00000000d5580000)
  object space 673280K, 99% used [0x0000000080000000,0x00000000a91547f8,0x00000000a9180000)
 Metaspace       used 72142K, committed 73792K, reserved 1179648K
  class space    used 7507K, committed 8256K, reserved 1048576K
}

