# JRE version: OpenJDK Runtime Environment Temurin-21.0.9+10 (21.0.9+10) (build 21.0.9+10-LTS)
# Java VM: OpenJDK 64-Bit Server VM Temurin-21.0.9+10 (21.0.9+10-LTS, mixed mode, sharing, tiered, compressed oops, compressed class ptrs, parallel gc, windows-amd64)
GC Precious Log:
 CardTable entry size: 512
 CPUs: 8 total, 8 available
 Memory: 16078M
 Large Page Support: Disabled
 NUMA Support: Disabled
 Compressed Oops: Enabled (32-bit)
 Alignments: Space 512K, Generation 512K, Heap 2M
 Heap Min Capacity: 100M
 Heap Initial Capacity: 100M
 Heap Max Capacity: 2G
 Pre-touch: Disabled
 Parallel Workers: 8
Heap:
 PSYoungGen      total 2560K, used 2230K [0x00000000d5580000, 0x00000000d5900000, 0x0000000100000000)
  eden space 2048K, 97% used [0x00000000d5580000,0x00000000d5771a20,0x00000000d5780000)
  from space 512K, 46% used [0x00000000d5880000,0x00000000d58bc010,0x00000000d5900000)
  to   space 512K, 0% used [0x00000000d5800000,0x00000000d5800000,0x00000000d5880000)
 ParOldGen       total 306176K, used 180205K [0x0000000080000000, 0x0000000092b00000, 0x00000000d5580000)
  object space 306176K, 58% used [0x0000000080000000,0x000000008affb4e0,0x0000000092b00000)
 Metaspace       used 80190K, committed 81920K, reserved 1179648K
  class space    used 8511K, committed 9280K, reserved 1048576K
GC Heap History (20 events):
Event: 284.074 GC heap before
{Heap before GC invocations=947 (full 4):
 PSYoungGen      total 2560K, used 2557K [0x00000000d5580000, 0x00000000d5980000, 0x0000000100000000)
  eden space 2048K, 99% used [0x00000000d5580000,0x00000000d577f4b0,0x00000000d5780000)
  from space 512K, 100% used [0x00000000d5880000,0x00000000d5900000,0x00000000d5900000)
  to   space 1024K, 0% used [0x00000000d5780000,0x00000000d5780000,0x00000000d5880000)
 ParOldGen       total 306176K, used 177737K [0x0000000080000000, 0x0000000092b00000, 0x00000000d5580000)
  object space 306176K, 58% used [0x0000000080000000,0x000000008ad924d0,0x0000000092b00000)
 Metaspace       used 79813K, committed 81536K, reserved 1179648K
  class space    used 8474K, committed 9216K, reserved 1048576K
}
Event: 284.075 GC heap after
{Heap after GC invocations=947 (full 4):
 PSYoungGen      total 3072K, used 352K [0x00000000d5580000, 0x00000000d5900000, 0x0000000100000000)
  eden space 2048K, 0% used [0x00000000d5580000,0x00000000d5580000,0x00000000d5780000)
  from space 1024K, 34% used [0x00000000d5780000,0x00000000d57d8000,0x00000000d5880000)
  to   space 512K, 0% used [0x00000000d5880000,0x00000000d5880000,0x00000000d5900000)
 ParOldGen       total 306176K, used 178153K [0x0000000080000000, 0x0000000092b00000, 0x00000000d5580000)
  object space 306176K, 58% used [0x0000000080000000,0x000000008adfa4d0,0x0000000092b00000)
 Metaspace       used 79813K, committed 81536K, reserved 1179648K
  class space    used 8474K, committed 9216K, reserved 1048576K
}
Event: 284.085 GC heap before
{Heap before GC invocations=948 (full 4):
 PSYoungGen      total 3072K, used 2400K [0x00000000d5580000, 0x00000000d5900000, 0x0000000100000000)
  eden space 2048K, 100% used [0x00000000d5580000,0x00000000d5780000,0x00000000d5780000)
  from space 1024K, 34% used [0x00000000d5780000,0x00000000d57d8000,0x00000000d5880000)
  to   space 512K, 0% used [0x00000000d5880000,0x00000000d5880000,0x00000000d5900000)
 ParOldGen       total 306176K, used 178153K [0x0000000080000000, 0x0000000092b00000, 0x00000000d5580000)
  object space 306176K, 58% used [0x0000000080000000,0x000000008adfa4d0,0x0000000092b00000)
 Metaspace       used 79813K, committed 81536K, reserved 1179648K
  class space    used 8474K, committed 9216K, reserved 1048576K
}
Event: 284.086 GC heap after
{Heap after GC invocations=948 (full 4):
 PSYoungGen      total 2560K, used 384K [0x00000000d5580000, 0x00000000d5900000, 0x0000000100000000)
  eden space 2048K, 0% used [0x00000000d5580000,0x00000000d5580000,0x00000000d5780000)
  from space 512K, 75% used [0x00000000d5880000,0x00000000d58e0000,0x00000000d5900000)
  to   space 512K, 0% used [0x00000000d5800000,0x00000000d5800000,0x00000000d5880000)
 ParOldGen       total 306176K, used 178377K [0x0000000080000000, 0x0000000092b00000, 0x00000000d5580000)
  object space 306176K, 58% used [0x0000000080000000,0x000000008ae324d0,0x0000000092b00000)
 Metaspace       used 79813K, committed 81536K, reserved 1179648K
  class space    used 8474K, committed 9216K, reserved 1048576K
}
Event: 284.094 GC heap before
{Heap before GC invocations=949 (full 4):
 PSYoungGen      total 2560K, used 2432K [0x00000000d5580000, 0x00000000d5900000, 0x0000000100000000)
  eden space 2048K, 100% used [0x00000000d5580000,0x00000000d5780000,0x00000000d5780000)
  from space 512K, 75% used [0x00000000d5880000,0x00000000d58e0000,0x00000000d5900000)
  to   space 512K, 0% used [0x00000000d5800000,0x00000000d5800000,0x00000000d5880000)
 ParOldGen       total 306176K, used 178377K [0x0000000080000000, 0x0000000092b00000, 0x00000000d5580000)
  object space 306176K, 58% used [0x0000000080000000,0x000000008ae324d0,0x0000000092b00000)
 Metaspace       used 79814K, committed 81536K, reserved 1179648K
  class space    used 8474K, committed 9216K, reserved 1048576K
}
Event: 284.095 GC heap after
{Heap after GC invocations=949 (full 4):
 PSYoungGen      total 2560K, used 416K [0x00000000d5580000, 0x00000000d5900000, 0x0000000100000000)
  eden space 2048K, 0% used [0x00000000d5580000,0x00000000d5580000,0x00000000d5780000)
  from space 512K, 81% used [0x00000000d5800000,0x00000000d5868000,0x00000000d5880000)
  to   space 512K, 0% used [0x00000000d5880000,0x00000000d5880000,0x00000000d5900000)
 ParOldGen       total 306176K, used 178609K [0x0000000080000000, 0x0000000092b00000, 0x00000000d5580000)
  object space 306176K, 58% used [0x0000000080000000,0x000000008ae6c4d0,0x0000000092b00000)
 Metaspace       used 79814K, committed 81536K, reserved 1179648K
  class space    used 8474K, committed 9216K, reserved 1048576K
}
Event: 284.103 GC heap before
{Heap before GC invocations=950 (full 4):
 PSYoungGen      total 2560K, used 2464K [0x00000000d5580000, 0x00000000d5900000, 0x0000000100000000)
  eden space 2048K, 100% used [0x00000000d5580000,0x00000000d5780000,0x00000000d5780000)
  from space 512K, 81% used [0x00000000d5800000,0x00000000d5868000,0x00000000d5880000)
  to   space 512K, 0% used [0x00000000d5880000,0x00000000d5880000,0x00000000d5900000)
 ParOldGen       total 306176K, used 178609K [0x0000000080000000, 0x0000000092b00000, 0x00000000d5580000)
  object space 306176K, 58% used [0x0000000080000000,0x000000008ae6c4d0,0x0000000092b00000)
 Metaspace       used 79814K, committed 81536K, reserved 1179648K
  class space    used 8474K, committed 9216K, reserved 1048576K
}
Event: 284.104 GC heap after
{Heap after GC invocations=950 (full 4):
 PSYoungGen      total 2560K, used 512K [0x00000000d5580000, 0x00000000d5980000, 0x0000000100000000)
  eden space 2048K, 0% used [0x00000000d5580000,0x00000000d5580000,0x00000000d5780000)
  from space 512K, 100% used [0x00000000d5880000,0x00000000d5900000,0x00000000d5900000)
  to   space 1024K, 0% used [0x00000000d5780000,0x00000000d5780000,0x00000000d5880000)
 ParOldGen       total 306176K, used 178857K [0x0000000080000000, 0x0000000092b00000, 0x00000000d5580000)
  object space 306176K, 58% used [0x0000000080000000,0x000000008aeaa4d0,0x0000000092b00000)
 Metaspace       used 79814K, committed 81536K, reserved 1179648K
  class space    used 8474K, committed 9216K, reserved 1048576K
}
Event: 284.139 GC heap before
{Heap before GC invocations=951 (full 4):
 PSYoungGen      total 2560K, used 2560K [0x00000000d5580000, 0x00000000d5980000, 0x0000000100000000)
  eden space 2048K, 100% used [0x00000000d5580000,0x00000000d5780000,0x00000000d5780000)
  from space 512K, 100% used [0x00000000d5880000,0x00000000d5900000,0x00000000d5900000)
  to   space 1024K, 0% used [0x00000000d5780000,0x00000000d5780000,0x00000000d5880000)
 ParOldGen       total 306176K, used 178857K [0x0000000080000000, 0x0000000092b00000, 0x00000000d5580000)
  object space 306176K, 58% used [0x0000000080000000,0x000000008aeaa4d0,0x0000000092b00000)
 Metaspace       used 79819K, committed 81536K, reserved 1179648K
  class space    used 8474K, committed 9216K, reserved 1048576K
}
Event: 284.140 GC heap after
{Heap after GC invocations=951 (full 4):
 PSYoungGen      total 3072K, used 352K [0x00000000d5580000, 0x00000000d5900000, 0x0000000100000000)
  eden space 2048K, 0% used [0x00000000d5580000,0x00000000d5580000,0x00000000d5780000)
  from space 1024K, 34% used [0x00000000d5780000,0x00000000d57d8000,0x00000000d5880000)
  to   space 512K, 0% used [0x00000000d5880000,0x00000000d5880000,0x00000000d5900000)
 ParOldGen       total 306176K, used 179153K [0x0000000080000000, 0x0000000092b00000, 0x00000000d5580000)
  object space 306176K, 58% used [0x0000000080000000,0x000000008aef44d0,0x0000000092b00000)
 Metaspace       used 79819K, committed 81536K, reserved 1179648K
  class space    used 8474K, committed 9216K, reserved 1048576K
}
Event: 284.146 GC heap before
{Heap before GC invocations=952 (full 4):
 PSYoungGen      total 3072K, used 2400K [0x00000000d5580000, 0x00000000d5900000, 0x0000000100000000)
  eden space 2048K, 100% used [0x00000000d5580000,0x00000000d5780000,0x00000000d5780000)
  from space 1024K, 34% used [0x00000000d5780000,0x00000000d57d8000,0x00000000d5880000)
  to   space 512K, 0% used [0x00000000d5880000,0x00000000d5880000,0x00000000d5900000)
 ParOldGen       total 306176K, used 179153K [0x0000000080000000, 0x0000000092b00000, 0x00000000d5580000)
  object space 306176K, 58% used [0x0000000080000000,0x000000008aef44d0,0x0000000092b00000)
 Metaspace       used 79819K, committed 81536K, reserved 1179648K
  class space    used 8474K, committed 9216K, reserved 1048576K
}
Event: 284.147 GC heap after
{Heap after GC invocations=952 (full 4):
 PSYoungGen      total 2560K, used 512K [0x00000000d5580000, 0x00000000d5980000, 0x0000000100000000)
  eden space 2048K, 0% used [0x00000000d5580000,0x00000000d5580000,0x00000000d5780000)
  from space 512K, 100% used [0x00000000d5880000,0x00000000d5900000,0x00000000d5900000)
  to   space 1024K, 0% used [0x00000000d5780000,0x00000000d5780000,0x00000000d5880000)
 ParOldGen       total 306176K, used 179333K [0x0000000080000000, 0x0000000092b00000, 0x00000000d5580000)
  object space 306176K, 58% used [0x0000000080000000,0x000000008af214e0,0x0000000092b00000)
 Metaspace       used 79819K, committed 81536K, reserved 1179648K
  class space    used 8474K, committed 9216K, reserved 1048576K
}
Event: 284.157 GC heap before
{Heap before GC invocations=953 (full 4):
 PSYoungGen      total 2560K, used 2560K [0x00000000d5580000, 0x00000000d5980000, 0x0000000100000000)
  eden space 2048K, 100% used [0x00000000d5580000,0x00000000d5780000,0x00000000d5780000)
  from space 512K, 100% used [0x00000000d5880000,0x00000000d5900000,0x00000000d5900000)
  to   space 1024K, 0% used [0x00000000d5780000,0x00000000d5780000,0x00000000d5880000)
 ParOldGen       total 306176K, used 179333K [0x0000000080000000, 0x0000000092b00000, 0x00000000d5580000)
  object space 306176K, 58% used [0x0000000080000000,0x000000008af214e0,0x0000000092b00000)
 Metaspace       used 79819K, committed 81536K, reserved 1179648K
  class space    used 8474K, committed 9216K, reserved 1048576K
}
Event: 284.158 GC heap after
{Heap after GC invocations=953 (full 4):
 PSYoungGen      total 3072K, used 448K [0x00000000d5580000, 0x00000000d5900000, 0x0000000100000000)
  eden space 2048K, 0% used [0x00000000d5580000,0x00000000d5580000,0x00000000d5780000)
  from space 1024K, 43% used [0x00000000d5780000,0x00000000d57f0000,0x00000000d5880000)
  to   space 512K, 0% used [0x00000000d5880000,0x00000000d5880000,0x00000000d5900000)
 ParOldGen       total 306176K, used 179613K [0x0000000080000000, 0x0000000092b00000, 0x00000000d5580000)
  object space 306176K, 58% used [0x0000000080000000,0x000000008af674e0,0x0000000092b00000)
 Metaspace       used 79819K, committed 81536K, reserved 1179648K
  class space    used 8474K, committed 9216K, reserved 1048576K
}
Event: 284.181 GC heap before
{Heap before GC invocations=954 (full 4):
 PSYoungGen      total 3072K, used 2496K [0x00000000d5580000, 0x00000000d5900000, 0x0000000100000000)
  eden space 2048K, 100% used [0x00000000d5580000,0x00000000d5780000,0x00000000d5780000)
  from space 1024K, 43% used [0x00000000d5780000,0x00000000d57f0000,0x00000000d5880000)
  to   space 512K, 0% used [0x00000000d5880000,0x00000000d5880000,0x00000000d5900000)
 ParOldGen       total 306176K, used 179613K [0x0000000080000000, 0x0000000092b00000, 0x00000000d5580000)
  object space 306176K, 58% used [0x0000000080000000,0x000000008af674e0,0x0000000092b00000)
 Metaspace       used 79822K, committed 81536K, reserved 1179648K
  class space    used 8475K, committed 9216K, reserved 1048576K
}
Event: 284.182 GC heap after
{Heap after GC invocations=954 (full 4):
 PSYoungGen      total 2560K, used 384K [0x00000000d5580000, 0x00000000d5900000, 0x0000000100000000)
  eden space 2048K, 0% used [0x00000000d5580000,0x00000000d5580000,0x00000000d5780000)
  from space 512K, 75% used [0x00000000d5880000,0x00000000d58e0000,0x00000000d5900000)
  to   space 512K, 0% used [0x00000000d5800000,0x00000000d5800000,0x00000000d5880000)
 ParOldGen       total 306176K, used 179885K [0x0000000080000000, 0x0000000092b00000, 0x00000000d5580000)
  object space 306176K, 58% used [0x0000000080000000,0x000000008afab4e0,0x0000000092b00000)
 Metaspace       used 79822K, committed 81536K, reserved 1179648K
  class space    used 8475K, committed 9216K, reserved 1048576K
}
Event: 307.312 GC heap before
{Heap before GC invocations=955 (full 4):
 PSYoungGen      total 2560K, used 2423K [0x00000000d5580000, 0x00000000d5900000, 0x0000000100000000)
  eden space 2048K, 99% used [0x00000000d5580000,0x00000000d577dfa8,0x00000000d5780000)
  from space 512K, 75% used [0x00000000d5880000,0x00000000d58e0000,0x00000000d5900000)
  to   space 512K, 0% used [0x00000000d5800000,0x00000000d5800000,0x00000000d5880000)
 ParOldGen       total 306176K, used 179885K [0x0000000080000000, 0x0000000092b00000, 0x00000000d5580000)
  object space 306176K, 58% used [0x0000000080000000,0x000000008afab4e0,0x0000000092b00000)
 Metaspace       used 80065K, committed 81856K, reserved 1179648K
  class space    used 8499K, committed 9280K, reserved 1048576K
}
Event: 307.313 GC heap after
{Heap after GC invocations=955 (full 4):
 PSYoungGen      total 2560K, used 288K [0x00000000d5580000, 0x00000000d5900000, 0x0000000100000000)
  eden space 2048K, 0% used [0x00000000d5580000,0x00000000d5580000,0x00000000d5780000)
  from space 512K, 56% used [0x00000000d5800000,0x00000000d5848000,0x00000000d5880000)
  to   space 512K, 0% used [0x00000000d5880000,0x00000000d5880000,0x00000000d5900000)
 ParOldGen       total 306176K, used 180125K [0x0000000080000000, 0x0000000092b00000, 0x00000000d5580000)
  object space 306176K, 58% used [0x0000000080000000,0x000000008afe74e0,0x0000000092b00000)
 Metaspace       used 80065K, committed 81856K, reserved 1179648K
  class space    used 8499K, committed 9280K, reserved 1048576K
}
Event: 414.610 GC heap before
{Heap before GC invocations=956 (full 4):
 PSYoungGen      total 2560K, used 2328K [0x00000000d5580000, 0x00000000d5900000, 0x0000000100000000)
  eden space 2048K, 99% used [0x00000000d5580000,0x00000000d577e080,0x00000000d5780000)
  from space 512K, 56% used [0x00000000d5800000,0x00000000d5848000,0x00000000d5880000)
  to   space 512K, 0% used [0x00000000d5880000,0x00000000d5880000,0x00000000d5900000)
 ParOldGen       total 306176K, used 180125K [0x0000000080000000, 0x0000000092b00000, 0x00000000d5580000)
  object space 306176K, 58% used [0x0000000080000000,0x000000008afe74e0,0x0000000092b00000)
 Metaspace       used 80154K, committed 81920K, reserved 1179648K
  class space    used 8511K, committed 9280K, reserved 1048576K
}
Event: 414.611 GC heap after
{Heap after GC invocations=956 (full 4):
 PSYoungGen      total 2560K, used 240K [0x00000000d5580000, 0x00000000d5900000, 0x0000000100000000)
  eden space 2048K, 0% used [0x00000000d5580000,0x00000000d5580000,0x00000000d5780000)
  from space 512K, 46% used [0x00000000d5880000,0x00000000d58bc010,0x00000000d5900000)
  to   space 512K, 0% used [0x00000000d5800000,0x00000000d5800000,0x00000000d5880000)
 ParOldGen       total 306176K, used 180205K [0x0000000080000000, 0x0000000092b00000, 0x00000000d5580000)
  object space 306176K, 58% used [0x0000000080000000,0x000000008affb4e0,0x0000000092b00000)
 Metaspace       used 80154K, committed 81920K, reserved 1179648K
  class space    used 8511K, committed 9280K, reserved 1048576K
}

